ď»ż
> nexora-health@0.1.0 build
> next build --webpack

Î“Ă»â–“ Next.js 16.1.6 (webpack)
- Environments: .env

  Creating an optimized production build ...
Î“ÂŁĂ´ Compiled successfully in 6.3s
  Running TypeScript ...
  Collecting page data using 7 workers ...
  Generating static pages using 7 workers (0/71) ...
  Generating static pages using 7 workers (17/71) 
  Generating static pages using 7 workers (35/71) 
  Generating static pages using 7 workers (53/71) 
Î“ÂŁĂ´ Generating static pages using 7 workers (71/71) in 1714.5ms
  Finalizing page optimization ...
  Collecting build traces ...

Route (app)
Î“Ă¶Ă® Î“ĂąĂŻ /
Î“Ă¶ÂŁ Î“ĂąĂŻ /_not-found
Î“Ă¶ÂŁ â•žĂ† /[tenant]
Î“Ă¶ÂŁ â•žĂ† /api/admin/stats
Î“Ă¶ÂŁ â•žĂ† /api/appointments
Î“Ă¶ÂŁ â•žĂ† /api/appointments/[id]
Î“Ă¶ÂŁ â•žĂ† /api/auth/login
Î“Ă¶ÂŁ â•žĂ† /api/auth/logout
Î“Ă¶ÂŁ â•žĂ† /api/auth/me
Î“Ă¶ÂŁ â•žĂ† /api/billing/invoices
Î“Ă¶ÂŁ â•žĂ† /api/branches
Î“Ă¶ÂŁ â•žĂ† /api/dashboard/stats
Î“Ă¶ÂŁ â•žĂ† /api/demo-request
Î“Ă¶ÂŁ â•žĂ† /api/demo-request/[id]/approve
Î“Ă¶ÂŁ â•žĂ† /api/demo-request/[id]/reject
Î“Ă¶ÂŁ â•žĂ† /api/demo-request/list
Î“Ă¶ÂŁ â•žĂ† /api/facility/beds
Î“Ă¶ÂŁ â•žĂ† /api/facility/wards
Î“Ă¶ÂŁ â•žĂ† /api/hospital/[slug]
Î“Ă¶ÂŁ â•žĂ† /api/hr/staff
Î“Ă¶ÂŁ â•žĂ† /api/ipd
Î“Ă¶ÂŁ â•žĂ† /api/laboratory
Î“Ă¶ÂŁ â•žĂ† /api/patients
Î“Ă¶ÂŁ â•žĂ† /api/patients/[id]
Î“Ă¶ÂŁ â•žĂ† /api/patients/records
Î“Ă¶ÂŁ â•žĂ† /api/pharmacy/dispense
Î“Ă¶ÂŁ â•žĂ† /api/pharmacy/medicines
Î“Ă¶ÂŁ â•žĂ† /api/prescriptions
Î“Ă¶ÂŁ â•žĂ† /api/reports/download
Î“Ă¶ÂŁ â•žĂ† /api/reports/stats
Î“Ă¶ÂŁ â•žĂ† /api/settings
Î“Ă¶ÂŁ â•žĂ† /api/staff
Î“Ă¶ÂŁ â•žĂ† /api/subscriptions
Î“Ă¶ÂŁ â•žĂ† /api/tenants
Î“Ă¶ÂŁ â•žĂ† /api/tenants/[id]
Î“Ă¶ÂŁ â•žĂ† /api/upload
Î“Ă¶ÂŁ Î“ĂąĂŻ /appointments
Î“Ă¶ÂŁ â•žĂ† /appointments/[id]
Î“Ă¶ÂŁ Î“ĂąĂŻ /appointments/new
Î“Ă¶ÂŁ Î“ĂąĂŻ /billing
Î“Ă¶ÂŁ Î“ĂąĂŻ /billing/expenses
Î“Ă¶ÂŁ Î“ĂąĂŻ /billing/new
Î“Ă¶ÂŁ Î“ĂąĂŻ /branches
Î“Ă¶ÂŁ Î“ĂąĂŻ /branches/new
Î“Ă¶ÂŁ Î“ĂąĂŻ /branding
Î“Ă¶ÂŁ Î“ĂąĂŻ /dashboard
Î“Ă¶ÂŁ Î“ĂąĂŻ /hr
Î“Ă¶ÂŁ Î“ĂąĂŻ /hr/doctors
Î“Ă¶ÂŁ Î“ĂąĂŻ /hr/new
Î“Ă¶ÂŁ Î“ĂąĂŻ /ipd
Î“Ă¶ÂŁ Î“ĂąĂŻ /ipd/admit
Î“Ă¶ÂŁ Î“ĂąĂŻ /ipd/patients
Î“Ă¶ÂŁ Î“ĂąĂŻ /ipd/wards
Î“Ă¶ÂŁ Î“ĂąĂŻ /laboratory
Î“Ă¶ÂŁ Î“ĂąĂŻ /laboratory/new
Î“Ă¶ÂŁ Î“ĂąĂŻ /login
Î“Ă¶ÂŁ Î“ĂąĂŻ /opd
Î“Ă¶ÂŁ Î“ĂąĂŻ /opd-display
Î“Ă¶ÂŁ Î“ĂąĂŻ /opd/consult
Î“Ă¶ÂŁ Î“ĂąĂŻ /patients
Î“Ă¶ÂŁ â•žĂ† /patients/[id]
Î“Ă¶ÂŁ Î“ĂąĂŻ /patients/new
Î“Ă¶ÂŁ Î“ĂąĂŻ /patients/records
Î“Ă¶ÂŁ Î“ĂąĂŻ /pharmacy
Î“Ă¶ÂŁ Î“ĂąĂŻ /pharmacy/prescribe
Î“Ă¶ÂŁ Î“ĂąĂŻ /reports
Î“Ă¶ÂŁ Î“ĂąĂŻ /request-demo
Î“Ă¶ÂŁ Î“ĂąĂŻ /settings
Î“Ă¶ÂŁ Î“ĂąĂŻ /settings/facility
Î“Ă¶ÂŁ Î“ĂąĂŻ /super-admin
Î“Ă¶ÂŁ Î“ĂąĂŻ /super-admin/logs
Î“Ă¶ÂŁ Î“ĂąĂŻ /super-admin/plans
Î“Ă¶ÂŁ Î“ĂąĂŻ /super-admin/requests
Î“Ă¶ÂŁ Î“ĂąĂŻ /super-admin/resellers
Î“Ă¶ÂŁ Î“ĂąĂŻ /super-admin/settings
Î“Ă¶ÂŁ Î“ĂąĂŻ /super-admin/subscriptions
Î“Ă¶ÂŁ Î“ĂąĂŻ /super-admin/support
Î“Ă¶Ă¶ Î“ĂąĂŻ /super-admin/tenants


â•žĂ† Proxy (Middleware)

Î“ĂąĂŻ  (Static)   prerendered as static content
â•žĂ†  (Dynamic)  server-rendered on demand

